0 info it worked if it ends with ok
1 verbose cli [ '/home/codio/.nvm/v0.10.33/bin/node',
1 verbose cli   '/home/codio/.nvm/v0.10.33/bin/npm',
1 verbose cli   'install',
1 verbose cli   '-g',
1 verbose cli   './' ]
2 info using npm@1.4.28
3 info using node@v0.10.33
4 verbose cache add [ './', null ]
5 verbose cache add name=undefined spec="./" args=["./",null]
6 verbose parsed url { protocol: null,
6 verbose parsed url   slashes: null,
6 verbose parsed url   auth: null,
6 verbose parsed url   host: null,
6 verbose parsed url   port: null,
6 verbose parsed url   hostname: null,
6 verbose parsed url   hash: null,
6 verbose parsed url   search: null,
6 verbose parsed url   query: null,
6 verbose parsed url   pathname: './',
6 verbose parsed url   path: './',
6 verbose parsed url   href: './' }
7 silly lockFile 0ee6c175- ./
8 verbose lock ./ /home/codio/.npm/0ee6c175-.lock
9 silly lockFile 0ee6c175- ./
10 silly lockFile 0ee6c175- ./
11 error addLocal Could not install ./
12 error Error: ENOENT, open 'package.json'
13 error If you need help, you may report this *entire* log,
13 error including the npm and node versions, at:
13 error     <http://github.com/npm/npm/issues>
14 error System Linux 3.16.0-34-generic
15 error command "/home/codio/.nvm/v0.10.33/bin/node" "/home/codio/.nvm/v0.10.33/bin/npm" "install" "-g" "./"
16 error cwd /home/codio/workspace
17 error node -v v0.10.33
18 error npm -v 1.4.28
19 error path package.json
20 error code ENOENT
21 error errno 34
22 verbose exit [ 34, true ]
